[2020-07-07 02:48:56] START
[2020-07-07 02:48:56] EDIT images/models/db.py: -46
[2020-07-07 02:49:21] EDIT images/models/db.py: 0
[2020-07-07 02:50:42] DELETE images/models/db_wizard.py: 0
[2020-07-07 02:50:45] DELETE images/models/db_wizard_populate.py: -3
[2020-07-07 03:04:52] EDIT images/controllers/default.py: 1
[2020-07-07 03:05:10] EDIT images/controllers/default.py: 0
[2020-07-07 03:08:20] EDIT images/views/default/index.html: 5
[2020-07-07 03:14:57] EDIT images/controllers/default.py: 8
[2020-07-07 03:17:14] EDIT images/controllers/default.py: 0
[2020-07-07 03:17:50] EDIT images/controllers/default.py: 2
[2020-07-07 03:24:53] CREATE default/show.html: 0
[2020-07-07 03:29:34] EDIT images/views/default/show.html: 7
[2020-07-07 03:29:43] EDIT images/views/default/show.html: 0
[2020-07-07 03:30:46] EDIT images/views/default/show.html: 7
[2020-07-07 03:31:19] EDIT images/views/default/show.html: 0
[2020-07-07 03:32:06] EDIT images/views/default/show.html: 0
[2020-07-07 03:32:28] EDIT images/views/default/show.html: 0
[2020-07-07 03:32:54] EDIT images/views/default/show.html: 0
[2020-07-07 03:34:50] EDIT images/controllers/default.py: -3
[2020-07-07 03:35:45] EDIT images/controllers/default.py: 0
[2020-07-07 05:31:14] EDIT images/controllers/default.py: 3
[2020-07-07 05:39:02] EDIT images/controllers/default.py: 28
[2020-07-07 05:45:17] EDIT images/controllers/default.py: 1
[2020-07-07 05:47:00] EDIT images/controllers/default.py: 2
[2020-07-07 05:58:24] EDIT images/controllers/default.py: 0
[2020-07-07 06:09:30] EDIT images/controllers/appadmin.py: 3
[2020-07-07 06:10:35] EDIT images/controllers/default.py: -4
[2020-07-07 06:10:50] EDIT images/controllers/default.py: 0
[2020-07-07 06:27:38] EDIT images/controllers/default.py: 0
[2020-07-07 06:29:04] EDIT images/controllers/default.py: 1
[2020-07-07 06:29:47] EDIT images/controllers/default.py: 1
[2020-07-07 06:30:46] EDIT images/controllers/default.py: 0
[2020-07-07 06:31:08] EDIT images/controllers/default.py: 4
[2020-07-07 06:32:02] EDIT images/controllers/default.py: 0
[2020-07-07 06:32:31] EDIT images/controllers/default.py: 0
[2020-07-07 06:33:01] EDIT images/controllers/default.py: 0
[2020-07-07 06:34:11] EDIT images/controllers/default.py: 0
[2020-07-07 06:38:11] EDIT images/controllers/default.py: 0
[2020-07-07 06:45:07] EDIT images/controllers/default.py: 1
[2020-07-07 06:47:06] EDIT images/controllers/default.py: 0
[2020-07-07 06:48:00] EDIT images/controllers/default.py: 1
[2020-07-07 06:48:52] EDIT images/controllers/default.py: 1
[2020-07-07 06:49:04] EDIT images/controllers/default.py: 0
[2020-07-07 06:51:55] EDIT images/controllers/default.py: 1
[2020-07-07 06:53:27] EDIT images/controllers/default.py: 0
[2020-07-07 06:53:53] EDIT images/controllers/default.py: 0
[2020-07-07 06:58:49] EDIT images/controllers/default.py: 0
[2020-07-07 07:04:28] EDIT images/controllers/default.py: 0
[2020-07-07 11:15:25] EDIT images/models/db.py: 1
[2020-07-07 11:15:56] EDIT images/models/db.py: 0
[2020-07-07 11:17:26] EDIT images/views/default/show.html: 3
[2020-07-07 11:18:54] EDIT images/models/db.py: 1
[2020-07-07 11:21:13] EDIT images/controllers/default.py: 0
[2020-07-07 11:22:15] EDIT images/controllers/default.py: 0
[2020-07-07 11:22:17] EDIT images/controllers/default.py: 0
[2020-07-07 11:23:14] EDIT images/controllers/default.py: 0
[2020-07-07 11:23:21] EDIT images/controllers/default.py: 0
[2020-07-07 11:25:15] EDIT images/views/default/show.html: 0
[2020-07-07 11:25:40] EDIT images/views/default/show.html: 0
[2020-07-07 11:26:30] EDIT images/views/default/show.html: 0
[2020-07-07 11:28:37] EDIT images/views/default/show.html: 0
[2020-07-07 11:28:41] EDIT images/views/default/show.html: 0
[2020-07-07 11:29:39] EDIT images/controllers/default.py: 0
[2020-07-07 11:29:56] EDIT images/controllers/default.py: 0
[2020-07-07 11:30:23] EDIT images/views/default/show.html: 0
[2020-07-07 11:34:11] EDIT images/views/default/show.html: 0
[2020-07-07 11:34:51] EDIT images/views/default/show.html: 0
[2020-07-07 11:35:41] EDIT images/models/db.py: -1
[2020-07-07 11:37:36] EDIT images/controllers/default.py: 0
[2020-07-07 11:39:12] EDIT images/controllers/default.py: 0
[2020-07-07 11:43:04] EDIT images/controllers/default.py: 1
[2020-07-07 11:43:16] EDIT images/controllers/default.py: 0
[2020-07-07 11:44:24] EDIT images/controllers/default.py: -2
[2020-07-07 11:44:46] EDIT images/controllers/default.py: 0
[2020-07-07 11:50:47] EDIT images/controllers/default.py: 0
[2020-07-07 11:51:20] EDIT images/controllers/default.py: 1
[2020-07-07 11:56:25] EDIT images/controllers/default.py: -2
[2020-07-07 11:56:46] EDIT images/controllers/default.py: 1
[2020-07-07 11:57:22] EDIT images/controllers/default.py: 0
[2020-07-07 11:57:57] EDIT images/controllers/default.py: 0
[2020-07-07 11:58:23] EDIT images/controllers/default.py: 0
[2020-07-07 11:59:36] EDIT images/controllers/default.py: 0
[2020-07-07 11:59:50] EDIT images/controllers/default.py: -1
[2020-07-07 12:00:19] EDIT images/controllers/default.py: 1
[2020-07-07 12:00:34] EDIT images/controllers/default.py: 0
[2020-07-07 12:00:48] EDIT images/controllers/default.py: 0
[2020-07-07 12:00:52] EDIT images/controllers/default.py: 0
[2020-07-07 12:01:46] EDIT images/controllers/default.py: 1
[2020-07-07 12:02:31] EDIT images/controllers/default.py: 0
[2020-07-07 12:02:56] EDIT images/controllers/default.py: 0
[2020-07-07 12:03:14] EDIT images/controllers/default.py: 0
[2020-07-07 12:06:01] EDIT images/controllers/default.py: 3
[2020-07-07 12:07:13] EDIT images/controllers/default.py: 0
[2020-07-07 12:07:48] EDIT images/controllers/default.py: 0
[2020-07-07 12:09:01] EDIT images/controllers/default.py: 0
[2020-07-07 12:09:48] EDIT images/controllers/default.py: 0
[2020-07-07 12:11:04] EDIT images/controllers/default.py: 2
[2020-07-07 12:12:02] EDIT images/controllers/default.py: 0
[2020-07-07 12:12:39] EDIT images/controllers/default.py: 0
[2020-07-07 12:13:20] EDIT images/controllers/default.py: 0
[2020-07-07 12:14:31] EDIT images/controllers/default.py: 0
[2020-07-07 12:17:06] EDIT images/controllers/default.py: 1
[2020-07-07 12:17:43] EDIT images/controllers/default.py: 0
[2020-07-07 12:17:48] EDIT images/controllers/default.py: 0
[2020-07-07 12:18:43] EDIT images/controllers/default.py: 1
[2020-07-07 12:20:52] EDIT images/controllers/default.py: 1
[2020-07-07 12:21:16] EDIT images/controllers/default.py: 0
[2020-07-07 12:25:01] EDIT images/controllers/default.py: 0
[2020-07-07 12:25:49] EDIT images/controllers/default.py: -5
[2020-07-07 12:25:59] EDIT images/controllers/default.py: 0
[2020-07-07 12:27:20] EDIT images/controllers/default.py: 0
[2020-07-07 12:28:43] EDIT images/controllers/default.py: 0
[2020-07-07 12:29:06] EDIT images/controllers/default.py: 0
[2020-07-07 12:29:43] EDIT images/controllers/default.py: 0
[2020-07-07 12:30:27] EDIT images/controllers/default.py: 0
[2020-07-07 12:32:02] EDIT images/controllers/default.py: 0
[2020-07-07 12:32:36] EDIT images/controllers/default.py: 2
[2020-07-07 12:32:56] EDIT images/controllers/default.py: 0
[2020-07-07 12:33:12] EDIT images/controllers/default.py: 0
[2020-07-07 12:33:35] EDIT images/controllers/default.py: 0
[2020-07-07 12:34:14] EDIT images/views/default/show.html: 0
[2020-07-07 12:34:37] EDIT images/views/default/show.html: 0
[2020-07-07 12:35:21] EDIT images/views/default/show.html: 0
[2020-07-07 12:37:53] EDIT images/controllers/default.py: 0
[2020-07-07 12:39:05] EDIT images/views/default/show.html: 0
[2020-07-07 12:39:30] EDIT images/views/default/show.html: 0
[2020-07-07 12:40:59] EDIT images/views/default/show.html: 1
[2020-07-07 12:41:21] EDIT images/views/default/show.html: -1
[2020-07-07 12:41:57] EDIT images/views/default/show.html: 0
[2020-07-07 12:42:34] EDIT images/controllers/default.py: 0
[2020-07-07 12:42:54] EDIT images/controllers/default.py: 0
[2020-07-07 12:48:33] EDIT images/controllers/default.py: 0
[2020-07-07 12:48:56] EDIT images/controllers/default.py: 0
[2020-07-07 12:50:16] EDIT images/controllers/default.py: 0
[2020-07-07 12:50:19] EDIT images/controllers/default.py: 0
[2020-07-07 12:50:35] EDIT images/controllers/default.py: 1
[2020-07-07 12:52:02] EDIT images/controllers/default.py: 1
[2020-07-07 12:53:40] EDIT images/controllers/default.py: 0
[2020-07-07 12:53:58] EDIT images/controllers/default.py: 1
[2020-07-07 12:54:17] EDIT images/controllers/default.py: 0
[2020-07-07 12:54:56] EDIT images/controllers/default.py: 0
[2020-07-07 12:55:00] EDIT images/controllers/default.py: 0
[2020-07-07 12:56:09] EDIT images/controllers/default.py: 0
[2020-07-07 12:56:29] EDIT images/controllers/default.py: 0
[2020-07-07 12:59:09] EDIT images/controllers/default.py: -2
[2020-07-07 13:00:39] EDIT images/controllers/default.py: 0
[2020-07-07 13:02:36] EDIT images/controllers/default.py: 1
[2020-07-07 13:03:56] EDIT images/controllers/default.py: 0
[2020-07-07 13:04:22] EDIT images/controllers/default.py: 0
[2020-07-07 22:10:34] EDIT images/controllers/default.py: 4
[2020-07-07 22:10:55] EDIT images/controllers/default.py: 1
[2020-07-07 22:11:25] EDIT images/controllers/default.py: -3
[2020-07-07 22:12:14] EDIT images/controllers/default.py: 0
[2020-07-07 22:12:51] EDIT images/controllers/default.py: 1
[2020-07-07 22:13:16] EDIT images/controllers/default.py: 0
[2020-07-07 22:16:06] EDIT images/controllers/default.py: 1
[2020-07-07 22:16:18] EDIT images/controllers/default.py: 0
[2020-07-07 22:17:50] EDIT images/controllers/default.py: 1
[2020-07-07 22:18:06] EDIT images/controllers/default.py: 0
[2020-07-07 22:18:31] EDIT images/controllers/default.py: 0
[2020-07-07 22:19:45] EDIT images/controllers/default.py: -2
[2020-07-07 22:21:32] EDIT images/controllers/default.py: 1
[2020-07-07 22:22:58] EDIT images/controllers/default.py: 0
[2020-07-07 22:23:21] EDIT images/controllers/default.py: 0
[2020-07-07 22:24:00] EDIT images/controllers/default.py: 0
[2020-07-07 22:24:15] EDIT images/controllers/default.py: 0
[2020-07-07 22:25:14] EDIT images/controllers/default.py: 0
[2020-07-07 22:25:22] EDIT images/controllers/default.py: 0
[2020-07-07 22:30:03] EDIT images/controllers/default.py: 0
[2020-07-07 22:30:15] EDIT images/controllers/default.py: 0
[2020-07-07 22:30:47] EDIT images/controllers/default.py: 1
[2020-07-07 22:30:53] EDIT images/controllers/default.py: 0
[2020-07-07 22:32:49] EDIT images/controllers/default.py: 0
[2020-07-07 22:32:56] EDIT images/controllers/default.py: 0
[2020-07-07 23:14:56] EDIT images/controllers/default.py: 0
[2020-07-07 23:15:30] EDIT images/controllers/default.py: 0
[2020-07-07 23:15:51] EDIT images/controllers/default.py: 0
[2020-07-07 23:16:06] EDIT images/controllers/default.py: 0
[2020-07-07 23:16:33] EDIT images/controllers/default.py: 0
[2020-07-07 23:17:22] EDIT images/controllers/default.py: 0
[2020-07-07 23:18:03] EDIT images/controllers/default.py: 0
[2020-07-07 23:18:40] EDIT images/controllers/default.py: 0
[2020-07-07 23:19:03] EDIT images/controllers/default.py: 0
[2020-07-07 23:19:06] EDIT images/controllers/default.py: 0
[2020-07-07 23:19:28] EDIT images/controllers/default.py: 0
[2020-07-07 23:19:32] EDIT images/controllers/default.py: 0
[2020-07-07 23:30:18] EDIT images/controllers/default.py: 3
[2020-07-07 23:30:29] EDIT images/controllers/default.py: 0
[2020-07-07 23:31:49] EDIT images/controllers/default.py: 2
[2020-07-07 23:32:04] EDIT images/controllers/default.py: 0
[2020-07-07 23:36:43] EDIT images/controllers/default.py: 0
[2020-07-07 23:37:41] EDIT images/views/default/show.html: 0
[2020-07-07 23:39:35] EDIT images/controllers/default.py: 0
[2020-07-07 23:40:00] EDIT images/controllers/default.py: 0
[2020-07-07 23:40:43] EDIT images/controllers/default.py: 0
[2020-07-07 23:41:02] EDIT images/controllers/default.py: 0
[2020-07-08 00:18:44] EDIT images/controllers/default.py: 0
[2020-07-08 00:19:16] EDIT images/controllers/default.py: 0
[2020-07-08 00:20:24] EDIT images/controllers/default.py: 0
[2020-07-08 00:21:49] EDIT images/controllers/default.py: -2
[2020-07-08 00:22:58] EDIT images/controllers/default.py: 0
[2020-07-08 00:23:41] EDIT images/controllers/default.py: 0
[2020-07-08 00:25:13] EDIT images/views/default/show.html: 4
[2020-07-08 00:25:29] EDIT images/views/default/show.html: -3
[2020-07-08 00:27:17] EDIT images/controllers/default.py: 0
[2020-07-08 00:27:46] EDIT images/views/default/show.html: 3
[2020-07-08 00:28:55] EDIT images/controllers/default.py: 1
[2020-07-08 00:29:09] EDIT images/controllers/default.py: 0
[2020-07-08 00:29:39] EDIT images/controllers/default.py: 0
[2020-07-08 00:29:53] EDIT images/controllers/default.py: 0
[2020-07-08 00:30:19] EDIT images/views/default/show.html: -4
[2020-07-08 00:30:48] EDIT images/controllers/default.py: 0
[2020-07-08 00:31:52] EDIT images/controllers/default.py: 0
[2020-07-08 00:36:04] EDIT images/controllers/default.py: -2
[2020-07-08 00:36:39] EDIT images/controllers/default.py: 0
[2020-07-08 00:36:52] EDIT images/controllers/default.py: 0
[2020-07-08 00:38:11] EDIT images/controllers/default.py: 1
[2020-07-08 00:39:42] EDIT images/controllers/default.py: 1
[2020-07-08 00:40:51] EDIT images/controllers/default.py: 2
[2020-07-08 00:40:56] EDIT images/controllers/default.py: 0
[2020-07-08 00:41:23] EDIT images/controllers/default.py: 0
[2020-07-08 00:41:40] EDIT images/controllers/default.py: 0
[2020-07-08 00:41:47] EDIT images/controllers/default.py: 0
[2020-07-08 00:42:00] EDIT images/controllers/default.py: 0
[2020-07-08 00:42:21] EDIT images/controllers/default.py: 0
[2020-07-08 00:42:36] EDIT images/controllers/default.py: 0
[2020-07-08 00:43:30] EDIT images/controllers/default.py: 1
[2020-07-08 00:43:51] EDIT images/controllers/default.py: 1
[2020-07-08 00:44:01] EDIT images/controllers/default.py: 0
[2020-07-08 00:44:22] EDIT images/controllers/default.py: 0
[2020-07-08 00:44:35] EDIT images/controllers/default.py: 0
[2020-07-08 00:46:52] EDIT images/controllers/default.py: 0
[2020-07-08 00:47:09] EDIT images/controllers/default.py: 0
[2020-07-08 00:47:31] EDIT images/controllers/default.py: 1
[2020-07-08 00:47:35] EDIT images/controllers/default.py: 0
[2020-07-08 00:48:19] EDIT images/controllers/default.py: 0
[2020-07-08 00:48:44] EDIT images/controllers/default.py: -1
[2020-07-08 00:49:23] EDIT images/controllers/default.py: 0
[2020-07-08 00:49:42] EDIT images/controllers/default.py: -1
[2020-07-08 00:50:17] EDIT images/controllers/default.py: 1
[2020-07-08 00:50:27] EDIT images/controllers/default.py: 0
[2020-07-08 00:50:50] EDIT images/controllers/default.py: 0
[2020-07-08 00:51:12] EDIT images/controllers/default.py: -1
[2020-07-08 00:51:31] EDIT images/views/default/show.html: 0
[2020-07-08 00:52:01] EDIT images/views/default/show.html: -1
[2020-07-08 00:52:15] EDIT images/views/default/show.html: -3
[2020-07-08 00:55:47] EDIT images/controllers/default.py: 0
[2020-07-08 00:57:01] EDIT images/controllers/default.py: 0
[2020-07-08 00:59:32] EDIT images/controllers/default.py: 1
[2020-07-08 01:00:39] EDIT images/controllers/default.py: 0
[2020-07-08 01:02:46] EDIT images/controllers/default.py: 0
[2020-07-08 01:03:11] EDIT images/controllers/default.py: 0
[2020-07-08 01:33:28] EDIT images/views/default/show.html: -8
[2020-07-08 01:35:09] EDIT images/views/default/show.html: 0
[2020-07-08 01:35:30] EDIT images/views/default/show.html: 1
[2020-07-08 01:36:03] EDIT images/controllers/default.py: 0
[2020-07-08 01:36:52] EDIT images/controllers/default.py: 0
[2020-07-08 01:37:02] EDIT images/controllers/default.py: 0
[2020-07-08 01:38:19] EDIT images/controllers/default.py: 0
[2020-07-08 01:38:43] EDIT images/controllers/default.py: 0
[2020-07-08 01:39:13] EDIT images/views/default/index.html: 3
[2020-07-08 01:39:19] EDIT images/views/default/index.html: 1
[2020-07-08 01:39:49] EDIT images/views/default/index.html: 0
[2020-07-08 01:40:45] EDIT images/controllers/default.py: 0
[2020-07-08 01:41:30] EDIT images/controllers/default.py: 0
[2020-07-08 01:43:20] EDIT images/controllers/default.py: 0
[2020-07-08 01:44:27] EDIT images/views/default/show.html: 1
[2020-07-08 01:45:13] EDIT images/controllers/default.py: 0
[2020-07-08 01:45:34] EDIT images/views/default/show.html: 0
[2020-07-08 01:47:09] EDIT images/controllers/default.py: 0
[2020-07-08 01:47:25] EDIT images/controllers/default.py: 0
[2020-07-08 01:47:38] EDIT images/controllers/default.py: 0
[2020-07-08 01:47:44] EDIT images/controllers/default.py: 0
[2020-07-08 01:48:02] EDIT images/views/default/show.html: 1
